c:\users\pc\documents\visual studio 2015\projects\win32project1\win32project6\debug\vc140.pdb
c:\users\pc\documents\visual studio 2015\projects\win32project1\win32project6\debug\vc140.idb
c:\users\pc\documents\visual studio 2015\projects\win32project1\win32project6\debug\bullet.obj
c:\users\pc\documents\visual studio 2015\projects\win32project1\win32project6\debug\directinputclass.obj
c:\users\pc\documents\visual studio 2015\projects\win32project1\win32project6\debug\dpipe.obj
c:\users\pc\documents\visual studio 2015\projects\win32project1\win32project6\debug\game.obj
c:\users\pc\documents\visual studio 2015\projects\win32project1\win32project6\debug\gui.obj
c:\users\pc\documents\visual studio 2015\projects\win32project1\win32project6\debug\plane.obj
c:\users\pc\documents\visual studio 2015\projects\win32project1\win32project6\debug\temp.obj
c:\users\pc\documents\visual studio 2015\projects\win32project1\win32project6\debug\main.obj
c:\users\pc\documents\visual studio 2015\projects\win32project1\win32project6\debug\ffmpeg.obj
c:\users\pc\documents\visual studio 2015\projects\win32project1\debug\win32project6.pdb
c:\users\pc\documents\visual studio 2015\projects\win32project1\win32project6\debug\win32project6.tlog\cl.command.1.tlog
c:\users\pc\documents\visual studio 2015\projects\win32project1\win32project6\debug\win32project6.tlog\cl.read.1.tlog
c:\users\pc\documents\visual studio 2015\projects\win32project1\win32project6\debug\win32project6.tlog\cl.write.1.tlog
c:\users\pc\documents\visual studio 2015\projects\win32project1\win32project6\debug\win32project6.tlog\link-cvtres.read.1.tlog
c:\users\pc\documents\visual studio 2015\projects\win32project1\win32project6\debug\win32project6.tlog\link-cvtres.write.1.tlog
c:\users\pc\documents\visual studio 2015\projects\win32project1\win32project6\debug\win32project6.tlog\link-rc.read.1.tlog
c:\users\pc\documents\visual studio 2015\projects\win32project1\win32project6\debug\win32project6.tlog\link-rc.write.1.tlog
c:\users\pc\documents\visual studio 2015\projects\win32project1\win32project6\debug\win32project6.tlog\link.command.1.tlog
c:\users\pc\documents\visual studio 2015\projects\win32project1\win32project6\debug\win32project6.tlog\link.read.1.tlog
c:\users\pc\documents\visual studio 2015\projects\win32project1\win32project6\debug\win32project6.tlog\link.write.1.tlog
