  Bullet.cpp
c:\users\pc\documents\visual studio 2015\projects\win32project1\win32project6\Temp.h(3): fatal error C1083: 无法打开包括文件: “d3dx9.h”: No such file or directory
  encode.cpp
F:\Program Files (x86)\Microsoft Visual Studio 14.0\VC\include\pthread.h(320): error C2011: “timespec”:“struct”类型重定义
  C:\Program Files (x86)\Windows Kits\10\Include\10.0.10240.0\ucrt\time.h(39): note: 参见“timespec”的声明
c:\users\pc\documents\visual studio 2015\projects\win32project1\win32project6\encode.h(6): fatal error C1083: 无法打开包括文件: “liveMedia.hh”: No such file or directory
  ffmpeg.cpp
c:\users\pc\documents\visual studio 2015\projects\win32project1\win32project6\ffmpeg.h(13): fatal error C1083: 无法打开包括文件: “libavutil/opt.h”: No such file or directory
  game.cpp
c:\users\pc\documents\visual studio 2015\projects\win32project1\win32project6\Temp.h(3): fatal error C1083: 无法打开包括文件: “d3dx9.h”: No such file or directory
  GUI.cpp
c:\users\pc\documents\visual studio 2015\projects\win32project1\win32project6\GUI.h(4): fatal error C1083: 无法打开包括文件: “d3dx9.h”: No such file or directory
  H264FramedLiveSource.cpp
c:\users\pc\documents\visual studio 2015\projects\win32project1\win32project6\H264FramedLiveSource.hh(6): fatal error C1083: 无法打开包括文件: “FramedSource.hh”: No such file or directory
  H264LiveVideoServerMediaSubssion.cpp
c:\users\pc\documents\visual studio 2015\projects\win32project1\win32project6\H264LiveVideoServerMediaSubssion.hh(7): fatal error C1083: 无法打开包括文件: “H264VideoFileServerMediaSubsession.hh”: No such file or directory
  live555server.cpp
live555server.cpp(1): fatal error C1083: 无法打开包括文件: “liveMedia.hh”: No such file or directory
  main.cpp
c:\users\pc\documents\visual studio 2015\projects\win32project1\win32project6\GUI.h(4): fatal error C1083: 无法打开包括文件: “d3dx9.h”: No such file or directory
  Plane.cpp
c:\users\pc\documents\visual studio 2015\projects\win32project1\win32project6\Temp.h(3): fatal error C1083: 无法打开包括文件: “d3dx9.h”: No such file or directory
  player.cpp
c:\users\pc\documents\visual studio 2015\projects\win32project1\win32project6\Temp.h(3): fatal error C1083: 无法打开包括文件: “d3dx9.h”: No such file or directory
  Qossink.cpp
c:\users\pc\documents\visual studio 2015\projects\win32project1\win32project6\Qossink.h(3): fatal error C1083: 无法打开包括文件: “H264VideoRTPSink.hh”: No such file or directory
  Temp.cpp
c:\users\pc\documents\visual studio 2015\projects\win32project1\win32project6\Temp.h(3): fatal error C1083: 无法打开包括文件: “d3dx9.h”: No such file or directory
  vencode.cpp
c:\users\pc\documents\visual studio 2015\projects\win32project1\win32project6\encode.h(6): fatal error C1083: 无法打开包括文件: “liveMedia.hh”: No such file or directory
